<?xml version="1.0" encoding="UTF-8"?>
<coverage generated="1539778496733" clover="3.2.0">
  <project timestamp="1539778496733" name="All files">
    <metrics statements="118" coveredstatements="40" conditionals="40" coveredconditionals="15" methods="61" coveredmethods="14" elements="219" coveredelements="69" complexity="0" loc="118" ncloc="118" packages="6" files="13" classes="13">
      <package name="pim">
        <metrics statements="12" coveredstatements="7" conditionals="6" coveredconditionals="6" methods="5" coveredmethods="3"/>
        <file name="App.js" path="D:\NTNU\OneDrive - NTNU\Master\it2810\prosjekt3\it2810-webutvikling-h18-prosjekt-3-12\pim\App.js">
          <metrics statements="7" coveredstatements="6" conditionals="6" coveredconditionals="6" methods="4" coveredmethods="3"/>
          <line num="12" count="3" type="cond" truecount="4" falsecount="0"/>
          <line num="13" count="1" type="stmt"/>
          <line num="21" count="2" type="stmt"/>
          <line num="31" count="1" type="stmt"/>
          <line num="46" count="0" type="stmt"/>
          <line num="50" count="1" type="stmt"/>
          <line num="54" count="1" type="stmt"/>
        </file>
        <file name="asyncstorage.js" path="D:\NTNU\OneDrive - NTNU\Master\it2810\prosjekt3\it2810-webutvikling-h18-prosjekt-3-12\pim\asyncstorage.js">
          <metrics statements="5" coveredstatements="1" conditionals="0" coveredconditionals="0" methods="1" coveredmethods="0"/>
          <line num="4" count="1" type="stmt"/>
          <line num="5" count="0" type="stmt"/>
          <line num="6" count="0" type="stmt"/>
          <line num="7" count="0" type="stmt"/>
          <line num="10" count="0" type="stmt"/>
        </file>
      </package>
      <package name="pim.assets.images">
        <metrics statements="2" coveredstatements="2" conditionals="0" coveredconditionals="0" methods="0" coveredmethods="0"/>
        <file name="robot-dev.png" path="D:\NTNU\OneDrive - NTNU\Master\it2810\prosjekt3\it2810-webutvikling-h18-prosjekt-3-12\pim\assets\images\robot-dev.png">
          <metrics statements="1" coveredstatements="1" conditionals="0" coveredconditionals="0" methods="0" coveredmethods="0"/>
          <line num="1" count="1" type="stmt"/>
        </file>
        <file name="robot-prod.png" path="D:\NTNU\OneDrive - NTNU\Master\it2810\prosjekt3\it2810-webutvikling-h18-prosjekt-3-12\pim\assets\images\robot-prod.png">
          <metrics statements="1" coveredstatements="1" conditionals="0" coveredconditionals="0" methods="0" coveredmethods="0"/>
          <line num="1" count="1" type="stmt"/>
        </file>
      </package>
      <package name="pim.components">
        <metrics statements="19" coveredstatements="3" conditionals="12" coveredconditionals="2" methods="9" coveredmethods="2"/>
        <file name="Goal.js" path="D:\NTNU\OneDrive - NTNU\Master\it2810\prosjekt3\it2810-webutvikling-h18-prosjekt-3-12\pim\components\Goal.js">
          <metrics statements="17" coveredstatements="1" conditionals="10" coveredconditionals="0" methods="7" coveredmethods="0"/>
          <line num="9" count="0" type="stmt"/>
          <line num="10" count="0" type="stmt"/>
          <line num="22" count="0" type="cond" truecount="0" falsecount="2"/>
          <line num="23" count="0" type="stmt"/>
          <line num="25" count="0" type="stmt"/>
          <line num="30" count="0" type="stmt"/>
          <line num="34" count="0" type="cond" truecount="0" falsecount="2"/>
          <line num="35" count="0" type="stmt"/>
          <line num="36" count="0" type="stmt"/>
          <line num="37" count="0" type="stmt"/>
          <line num="38" count="0" type="stmt"/>
          <line num="44" count="0" type="stmt"/>
          <line num="45" count="0" type="stmt"/>
          <line num="47" count="0" type="stmt"/>
          <line num="53" count="0" type="stmt"/>
          <line num="58" count="0" type="stmt"/>
          <line num="135" count="1" type="stmt"/>
        </file>
        <file name="StyledText.js" path="D:\NTNU\OneDrive - NTNU\Master\it2810\prosjekt3\it2810-webutvikling-h18-prosjekt-3-12\pim\components\StyledText.js">
          <metrics statements="1" coveredstatements="1" conditionals="0" coveredconditionals="0" methods="1" coveredmethods="1"/>
          <line num="6" count="1" type="stmt"/>
        </file>
        <file name="TabBarIcon.js" path="D:\NTNU\OneDrive - NTNU\Master\it2810\prosjekt3\it2810-webutvikling-h18-prosjekt-3-12\pim\components\TabBarIcon.js">
          <metrics statements="1" coveredstatements="1" conditionals="2" coveredconditionals="2" methods="1" coveredmethods="1"/>
          <line num="8" count="8" type="stmt"/>
        </file>
      </package>
      <package name="pim.constants">
        <metrics statements="1" coveredstatements="1" conditionals="0" coveredconditionals="0" methods="0" coveredmethods="0"/>
        <file name="Colors.js" path="D:\NTNU\OneDrive - NTNU\Master\it2810\prosjekt3\it2810-webutvikling-h18-prosjekt-3-12\pim\constants\Colors.js">
          <metrics statements="1" coveredstatements="1" conditionals="0" coveredconditionals="0" methods="0" coveredmethods="0"/>
          <line num="1" count="1" type="stmt"/>
        </file>
      </package>
      <package name="pim.navigation">
        <metrics statements="6" coveredstatements="6" conditionals="8" coveredconditionals="6" methods="2" coveredmethods="2"/>
        <file name="AppNavigator.js" path="D:\NTNU\OneDrive - NTNU\Master\it2810\prosjekt3\it2810-webutvikling-h18-prosjekt-3-12\pim\navigation\AppNavigator.js">
          <metrics statements="0" coveredstatements="0" conditionals="0" coveredconditionals="0" methods="0" coveredmethods="0"/>
        </file>
        <file name="MainTabNavigator.js" path="D:\NTNU\OneDrive - NTNU\Master\it2810\prosjekt3\it2810-webutvikling-h18-prosjekt-3-12\pim\navigation\MainTabNavigator.js">
          <metrics statements="6" coveredstatements="6" conditionals="8" coveredconditionals="6" methods="2" coveredmethods="2"/>
          <line num="13" count="1" type="stmt"/>
          <line num="18" count="1" type="stmt"/>
          <line num="21" count="4" type="stmt"/>
          <line num="32" count="1" type="stmt"/>
          <line num="37" count="1" type="stmt"/>
          <line num="40" count="4" type="stmt"/>
        </file>
      </package>
      <package name="pim.screens">
        <metrics statements="78" coveredstatements="21" conditionals="14" coveredconditionals="1" methods="45" coveredmethods="7"/>
        <file name="GoalsScreen.js" path="D:\NTNU\OneDrive - NTNU\Master\it2810\prosjekt3\it2810-webutvikling-h18-prosjekt-3-12\pim\screens\GoalsScreen.js">
          <metrics statements="25" coveredstatements="1" conditionals="6" coveredconditionals="0" methods="18" coveredmethods="0"/>
          <line num="26" count="0" type="stmt"/>
          <line num="27" count="0" type="stmt"/>
          <line num="28" count="0" type="stmt"/>
          <line num="29" count="0" type="stmt"/>
          <line num="36" count="0" type="stmt"/>
          <line num="37" count="0" type="stmt"/>
          <line num="42" count="0" type="stmt"/>
          <line num="43" count="0" type="cond" truecount="0" falsecount="2"/>
          <line num="44" count="0" type="stmt"/>
          <line num="45" count="0" type="stmt"/>
          <line num="53" count="0" type="cond" truecount="0" falsecount="2"/>
          <line num="54" count="0" type="stmt"/>
          <line num="57" count="0" type="cond" truecount="0" falsecount="2"/>
          <line num="58" count="0" type="stmt"/>
          <line num="65" count="0" type="stmt"/>
          <line num="66" count="0" type="stmt"/>
          <line num="67" count="0" type="stmt"/>
          <line num="74" count="0" type="stmt"/>
          <line num="82" count="0" type="stmt"/>
          <line num="88" count="0" type="stmt"/>
          <line num="109" count="0" type="stmt"/>
          <line num="111" count="0" type="stmt"/>
          <line num="116" count="0" type="stmt"/>
          <line num="122" count="0" type="stmt"/>
          <line num="134" count="1" type="stmt"/>
        </file>
        <file name="NewGoalScreen.js" path="D:\NTNU\OneDrive - NTNU\Master\it2810\prosjekt3\it2810-webutvikling-h18-prosjekt-3-12\pim\screens\NewGoalScreen.js">
          <metrics statements="22" coveredstatements="1" conditionals="4" coveredconditionals="0" methods="11" coveredmethods="0"/>
          <line num="26" count="0" type="stmt"/>
          <line num="31" count="0" type="stmt"/>
          <line num="32" count="0" type="stmt"/>
          <line num="33" count="0" type="stmt"/>
          <line num="34" count="0" type="stmt"/>
          <line num="35" count="0" type="stmt"/>
          <line num="40" count="0" type="cond" truecount="0" falsecount="2"/>
          <line num="41" count="0" type="stmt"/>
          <line num="47" count="0" type="cond" truecount="0" falsecount="2"/>
          <line num="48" count="0" type="stmt"/>
          <line num="55" count="0" type="stmt"/>
          <line num="63" count="0" type="stmt"/>
          <line num="70" count="0" type="stmt"/>
          <line num="71" count="0" type="stmt"/>
          <line num="72" count="0" type="stmt"/>
          <line num="76" count="0" type="stmt"/>
          <line num="100" count="0" type="stmt"/>
          <line num="103" count="0" type="stmt"/>
          <line num="113" count="0" type="stmt"/>
          <line num="117" count="0" type="stmt"/>
          <line num="122" count="0" type="stmt"/>
          <line num="133" count="1" type="stmt"/>
        </file>
        <file name="StepsScreen.js" path="D:\NTNU\OneDrive - NTNU\Master\it2810\prosjekt3\it2810-webutvikling-h18-prosjekt-3-12\pim\screens\StepsScreen.js">
          <metrics statements="31" coveredstatements="19" conditionals="4" coveredconditionals="1" methods="16" coveredmethods="7"/>
          <line num="26" count="4" type="stmt"/>
          <line num="30" count="0" type="stmt"/>
          <line num="35" count="4" type="stmt"/>
          <line num="36" count="0" type="stmt"/>
          <line num="41" count="4" type="stmt"/>
          <line num="43" count="2" type="stmt"/>
          <line num="48" count="0" type="stmt"/>
          <line num="54" count="4" type="stmt"/>
          <line num="55" count="4" type="stmt"/>
          <line num="56" count="4" type="stmt"/>
          <line num="57" count="4" type="stmt"/>
          <line num="59" count="2" type="stmt"/>
          <line num="62" count="0" type="stmt"/>
          <line num="70" count="0" type="cond" truecount="0" falsecount="2"/>
          <line num="71" count="0" type="stmt"/>
          <line num="76" count="6" type="stmt"/>
          <line num="77" count="6" type="stmt"/>
          <line num="78" count="6" type="cond" truecount="1" falsecount="1"/>
          <line num="85" count="0" type="stmt"/>
          <line num="95" count="13" type="stmt"/>
          <line num="96" count="13" type="stmt"/>
          <line num="97" count="13" type="stmt"/>
          <line num="98" count="13" type="stmt"/>
          <line num="99" count="13" type="stmt"/>
          <line num="104" count="0" type="stmt"/>
          <line num="105" count="0" type="stmt"/>
          <line num="106" count="0" type="stmt"/>
          <line num="111" count="0" type="stmt"/>
          <line num="115" count="0" type="stmt"/>
          <line num="124" count="6" type="stmt"/>
          <line num="200" count="2" type="stmt"/>
        </file>
      </package>
    </metrics>
  </project>
</coverage>
