{"D:\\NTNU\\OneDrive - NTNU\\Master\\it2810\\prosjekt3\\it2810-webutvikling-h18-prosjekt-3-12\\pim\\App.js": {"path":"D:\\NTNU\\OneDrive - NTNU\\Master\\it2810\\prosjekt3\\it2810-webutvikling-h18-prosjekt-3-12\\pim\\App.js","statementMap":{"0":{"start":{"line":12,"column":8},"end":{"line":27,"column":9}},"1":{"start":{"line":13,"column":12},"end":{"line":19,"column":14}},"2":{"start":{"line":21,"column":12},"end":{"line":26,"column":14}},"3":{"start":{"line":31,"column":8},"end":{"line":40,"column":11}},"4":{"start":{"line":46,"column":8},"end":{"line":46,"column":28}},"5":{"start":{"line":50,"column":8},"end":{"line":50,"column":49}},"6":{"start":{"line":54,"column":15},"end":{"line":59,"column":2}}},"fnMap":{"0":{"name":"(anonymous_0)","decl":{"start":{"line":11,"column":4},"end":{"line":11,"column":5}},"loc":{"start":{"line":11,"column":13},"end":{"line":28,"column":5}},"line":11},"1":{"name":"(anonymous_1)","decl":{"start":{"line":30,"column":26},"end":{"line":30,"column":27}},"loc":{"start":{"line":30,"column":38},"end":{"line":41,"column":5}},"line":30},"2":{"name":"(anonymous_2)","decl":{"start":{"line":43,"column":26},"end":{"line":43,"column":27}},"loc":{"start":{"line":43,"column":35},"end":{"line":47,"column":5}},"line":43},"3":{"name":"(anonymous_3)","decl":{"start":{"line":49,"column":27},"end":{"line":49,"column":28}},"loc":{"start":{"line":49,"column":33},"end":{"line":51,"column":5}},"line":49}},"branchMap":{"0":{"loc":{"start":{"line":12,"column":8},"end":{"line":27,"column":9}},"type":"if","locations":[{"start":{"line":12,"column":8},"end":{"line":27,"column":9}},{"start":{"line":12,"column":8},"end":{"line":27,"column":9}}],"line":12},"1":{"loc":{"start":{"line":12,"column":12},"end":{"line":12,"column":74}},"type":"binary-expr","locations":[{"start":{"line":12,"column":12},"end":{"line":12,"column":41}},{"start":{"line":12,"column":45},"end":{"line":12,"column":74}}],"line":12},"2":{"loc":{"start":{"line":23,"column":21},"end":{"line":23,"column":77}},"type":"binary-expr","locations":[{"start":{"line":23,"column":21},"end":{"line":23,"column":42}},{"start":{"line":23,"column":46},"end":{"line":23,"column":77}}],"line":23}},"s":{"0":3,"1":1,"2":2,"3":1,"4":0,"5":1,"6":1},"f":{"0":3,"1":1,"2":0,"3":1},"b":{"0":[1,2],"1":[3,2],"2":[2,2]},"_coverageSchema":"332fd63041d2c1bcb487cc26dd0d5f7d97098a6c","hash":"aca80c92ff33445b9f05c81ff8aee7367cbb43c3"}
,"D:\\NTNU\\OneDrive - NTNU\\Master\\it2810\\prosjekt3\\it2810-webutvikling-h18-prosjekt-3-12\\pim\\asyncstorage.js": {"path":"D:\\NTNU\\OneDrive - NTNU\\Master\\it2810\\prosjekt3\\it2810-webutvikling-h18-prosjekt-3-12\\pim\\asyncstorage.js","statementMap":{"0":{"start":{"line":4,"column":25},"end":{"line":12,"column":1}},"1":{"start":{"line":5,"column":2},"end":{"line":11,"column":3}},"2":{"start":{"line":6,"column":4},"end":{"line":6,"column":43}},"3":{"start":{"line":7,"column":4},"end":{"line":7,"column":43}},"4":{"start":{"line":10,"column":4},"end":{"line":10,"column":61}}},"fnMap":{"0":{"name":"(anonymous_0)","decl":{"start":{"line":4,"column":25},"end":{"line":4,"column":26}},"loc":{"start":{"line":4,"column":47},"end":{"line":12,"column":1}},"line":4}},"branchMap":{},"s":{"0":1,"1":0,"2":0,"3":0,"4":0},"f":{"0":0},"b":{},"_coverageSchema":"332fd63041d2c1bcb487cc26dd0d5f7d97098a6c","hash":"0652d8c244f62f9b3a88cad1ad93f41e3cc8361b"}
,"D:\\NTNU\\OneDrive - NTNU\\Master\\it2810\\prosjekt3\\it2810-webutvikling-h18-prosjekt-3-12\\pim\\assets\\images\\robot-dev.png": {"path":"D:\\NTNU\\OneDrive - NTNU\\Master\\it2810\\prosjekt3\\it2810-webutvikling-h18-prosjekt-3-12\\pim\\assets\\images\\robot-dev.png","statementMap":{"0":{"start":{"line":1,"column":0},"end":{"line":1,"column":19}}},"fnMap":{},"branchMap":{},"s":{"0":1},"f":{},"b":{},"_coverageSchema":"332fd63041d2c1bcb487cc26dd0d5f7d97098a6c","hash":"a044c06089364746722bc7c3e78392fe0d3ad076"}
,"D:\\NTNU\\OneDrive - NTNU\\Master\\it2810\\prosjekt3\\it2810-webutvikling-h18-prosjekt-3-12\\pim\\assets\\images\\robot-prod.png": {"path":"D:\\NTNU\\OneDrive - NTNU\\Master\\it2810\\prosjekt3\\it2810-webutvikling-h18-prosjekt-3-12\\pim\\assets\\images\\robot-prod.png","statementMap":{"0":{"start":{"line":1,"column":0},"end":{"line":1,"column":19}}},"fnMap":{},"branchMap":{},"s":{"0":1},"f":{},"b":{},"_coverageSchema":"332fd63041d2c1bcb487cc26dd0d5f7d97098a6c","hash":"f05e2292574200fc5dd67d4816de7fa71ad74191"}
,"D:\\NTNU\\OneDrive - NTNU\\Master\\it2810\\prosjekt3\\it2810-webutvikling-h18-prosjekt-3-12\\pim\\components\\Goal.js": {"path":"D:\\NTNU\\OneDrive - NTNU\\Master\\it2810\\prosjekt3\\it2810-webutvikling-h18-prosjekt-3-12\\pim\\components\\Goal.js","statementMap":{"0":{"start":{"line":9,"column":8},"end":{"line":9,"column":21}},"1":{"start":{"line":10,"column":8},"end":{"line":17,"column":10}},"2":{"start":{"line":22,"column":8},"end":{"line":24,"column":9}},"3":{"start":{"line":23,"column":12},"end":{"line":23,"column":60}},"4":{"start":{"line":25,"column":8},"end":{"line":25,"column":31}},"5":{"start":{"line":30,"column":8},"end":{"line":30,"column":67}},"6":{"start":{"line":34,"column":8},"end":{"line":39,"column":9}},"7":{"start":{"line":35,"column":12},"end":{"line":35,"column":58}},"8":{"start":{"line":36,"column":12},"end":{"line":36,"column":54}},"9":{"start":{"line":37,"column":12},"end":{"line":37,"column":31}},"10":{"start":{"line":38,"column":12},"end":{"line":38,"column":31}},"11":{"start":{"line":44,"column":8},"end":{"line":48,"column":9}},"12":{"start":{"line":45,"column":12},"end":{"line":45,"column":47}},"13":{"start":{"line":47,"column":12},"end":{"line":47,"column":58}},"14":{"start":{"line":53,"column":8},"end":{"line":53,"column":32}},"15":{"start":{"line":58,"column":8},"end":{"line":129,"column":10}},"16":{"start":{"line":135,"column":15},"end":{"line":239,"column":2}}},"fnMap":{"0":{"name":"(anonymous_0)","decl":{"start":{"line":8,"column":4},"end":{"line":8,"column":5}},"loc":{"start":{"line":8,"column":23},"end":{"line":18,"column":5}},"line":8},"1":{"name":"(anonymous_1)","decl":{"start":{"line":21,"column":16},"end":{"line":21,"column":17}},"loc":{"start":{"line":21,"column":22},"end":{"line":26,"column":5}},"line":21},"2":{"name":"(anonymous_2)","decl":{"start":{"line":29,"column":18},"end":{"line":29,"column":19}},"loc":{"start":{"line":30,"column":8},"end":{"line":30,"column":67}},"line":30},"3":{"name":"(anonymous_3)","decl":{"start":{"line":33,"column":27},"end":{"line":33,"column":28}},"loc":{"start":{"line":33,"column":33},"end":{"line":40,"column":5}},"line":33},"4":{"name":"(anonymous_4)","decl":{"start":{"line":43,"column":4},"end":{"line":43,"column":5}},"loc":{"start":{"line":43,"column":31},"end":{"line":49,"column":5}},"line":43},"5":{"name":"(anonymous_5)","decl":{"start":{"line":52,"column":18},"end":{"line":52,"column":19}},"loc":{"start":{"line":52,"column":29},"end":{"line":54,"column":5}},"line":52},"6":{"name":"(anonymous_6)","decl":{"start":{"line":57,"column":4},"end":{"line":57,"column":5}},"loc":{"start":{"line":57,"column":13},"end":{"line":130,"column":5}},"line":57}},"branchMap":{"0":{"loc":{"start":{"line":22,"column":8},"end":{"line":24,"column":9}},"type":"if","locations":[{"start":{"line":22,"column":8},"end":{"line":24,"column":9}},{"start":{"line":22,"column":8},"end":{"line":24,"column":9}}],"line":22},"1":{"loc":{"start":{"line":34,"column":8},"end":{"line":39,"column":9}},"type":"if","locations":[{"start":{"line":34,"column":8},"end":{"line":39,"column":9}},{"start":{"line":34,"column":8},"end":{"line":39,"column":9}}],"line":34},"2":{"loc":{"start":{"line":63,"column":28},"end":{"line":65,"column":60}},"type":"cond-expr","locations":[{"start":{"line":64,"column":34},"end":{"line":64,"column":67}},{"start":{"line":65,"column":34},"end":{"line":65,"column":60}}],"line":63},"3":{"loc":{"start":{"line":71,"column":36},"end":{"line":73,"column":63}},"type":"cond-expr","locations":[{"start":{"line":72,"column":42},"end":{"line":72,"column":70}},{"start":{"line":73,"column":42},"end":{"line":73,"column":63}}],"line":71},"4":{"loc":{"start":{"line":113,"column":48},"end":{"line":115,"column":75}},"type":"cond-expr","locations":[{"start":{"line":114,"column":54},"end":{"line":114,"column":76}},{"start":{"line":115,"column":54},"end":{"line":115,"column":75}}],"line":113}},"s":{"0":0,"1":0,"2":0,"3":0,"4":0,"5":0,"6":0,"7":0,"8":0,"9":0,"10":0,"11":0,"12":0,"13":0,"14":0,"15":0,"16":1},"f":{"0":0,"1":0,"2":0,"3":0,"4":0,"5":0,"6":0},"b":{"0":[0,0],"1":[0,0],"2":[0,0],"3":[0,0],"4":[0,0]},"_coverageSchema":"332fd63041d2c1bcb487cc26dd0d5f7d97098a6c","hash":"b279f87a61c42e7420128e04bdfebea0e2cedf23"}
,"D:\\NTNU\\OneDrive - NTNU\\Master\\it2810\\prosjekt3\\it2810-webutvikling-h18-prosjekt-3-12\\pim\\components\\StyledText.js": {"path":"D:\\NTNU\\OneDrive - NTNU\\Master\\it2810\\prosjekt3\\it2810-webutvikling-h18-prosjekt-3-12\\pim\\components\\StyledText.js","statementMap":{"0":{"start":{"line":6,"column":4},"end":{"line":6,"column":93}}},"fnMap":{"0":{"name":"(anonymous_0)","decl":{"start":{"line":5,"column":2},"end":{"line":5,"column":3}},"loc":{"start":{"line":5,"column":11},"end":{"line":7,"column":3}},"line":5}},"branchMap":{},"s":{"0":1},"f":{"0":1},"b":{},"_coverageSchema":"332fd63041d2c1bcb487cc26dd0d5f7d97098a6c","hash":"747376e2951697bdf7d4b4ae6360dca0019b3cb6"}
,"D:\\NTNU\\OneDrive - NTNU\\Master\\it2810\\prosjekt3\\it2810-webutvikling-h18-prosjekt-3-12\\pim\\components\\TabBarIcon.js": {"path":"D:\\NTNU\\OneDrive - NTNU\\Master\\it2810\\prosjekt3\\it2810-webutvikling-h18-prosjekt-3-12\\pim\\components\\TabBarIcon.js","statementMap":{"0":{"start":{"line":8,"column":8},"end":{"line":15,"column":10}}},"fnMap":{"0":{"name":"(anonymous_0)","decl":{"start":{"line":7,"column":4},"end":{"line":7,"column":5}},"loc":{"start":{"line":7,"column":13},"end":{"line":16,"column":5}},"line":7}},"branchMap":{"0":{"loc":{"start":{"line":13,"column":23},"end":{"line":13,"column":90}},"type":"cond-expr","locations":[{"start":{"line":13,"column":44},"end":{"line":13,"column":66}},{"start":{"line":13,"column":69},"end":{"line":13,"column":90}}],"line":13}},"s":{"0":8},"f":{"0":8},"b":{"0":[4,4]},"_coverageSchema":"332fd63041d2c1bcb487cc26dd0d5f7d97098a6c","hash":"228337b846fa9a84f3e53c1a135570bde46d03a1"}
,"D:\\NTNU\\OneDrive - NTNU\\Master\\it2810\\prosjekt3\\it2810-webutvikling-h18-prosjekt-3-12\\pim\\constants\\Colors.js": {"path":"D:\\NTNU\\OneDrive - NTNU\\Master\\it2810\\prosjekt3\\it2810-webutvikling-h18-prosjekt-3-12\\pim\\constants\\Colors.js","statementMap":{"0":{"start":{"line":1,"column":18},"end":{"line":1,"column":27}}},"fnMap":{},"branchMap":{},"s":{"0":1},"f":{},"b":{},"_coverageSchema":"332fd63041d2c1bcb487cc26dd0d5f7d97098a6c","hash":"b4d933c694cbf00ba6f97ee0035dcdb938d5af99"}
,"D:\\NTNU\\OneDrive - NTNU\\Master\\it2810\\prosjekt3\\it2810-webutvikling-h18-prosjekt-3-12\\pim\\navigation\\AppNavigator.js": {"path":"D:\\NTNU\\OneDrive - NTNU\\Master\\it2810\\prosjekt3\\it2810-webutvikling-h18-prosjekt-3-12\\pim\\navigation\\AppNavigator.js","statementMap":{},"fnMap":{},"branchMap":{},"s":{},"f":{},"b":{},"_coverageSchema":"332fd63041d2c1bcb487cc26dd0d5f7d97098a6c","hash":"ad3756ce842af7d8c2ab973ea0f6057c78ec1d55"}
,"D:\\NTNU\\OneDrive - NTNU\\Master\\it2810\\prosjekt3\\it2810-webutvikling-h18-prosjekt-3-12\\pim\\navigation\\MainTabNavigator.js": {"path":"D:\\NTNU\\OneDrive - NTNU\\Master\\it2810\\prosjekt3\\it2810-webutvikling-h18-prosjekt-3-12\\pim\\navigation\\MainTabNavigator.js","statementMap":{"0":{"start":{"line":13,"column":18},"end":{"line":16,"column":2}},"1":{"start":{"line":18,"column":0},"end":{"line":30,"column":2}},"2":{"start":{"line":21,"column":8},"end":{"line":28,"column":10}},"3":{"start":{"line":32,"column":19},"end":{"line":35,"column":2}},"4":{"start":{"line":37,"column":0},"end":{"line":49,"column":2}},"5":{"start":{"line":40,"column":8},"end":{"line":47,"column":10}}},"fnMap":{"0":{"name":"(anonymous_0)","decl":{"start":{"line":20,"column":16},"end":{"line":20,"column":17}},"loc":{"start":{"line":21,"column":8},"end":{"line":28,"column":10}},"line":21},"1":{"name":"(anonymous_1)","decl":{"start":{"line":39,"column":16},"end":{"line":39,"column":17}},"loc":{"start":{"line":40,"column":8},"end":{"line":47,"column":10}},"line":40}},"branchMap":{"0":{"loc":{"start":{"line":24,"column":16},"end":{"line":26,"column":31}},"type":"cond-expr","locations":[{"start":{"line":25,"column":22},"end":{"line":25,"column":60}},{"start":{"line":26,"column":22},"end":{"line":26,"column":31}}],"line":24},"1":{"loc":{"start":{"line":25,"column":33},"end":{"line":25,"column":58}},"type":"cond-expr","locations":[{"start":{"line":25,"column":43},"end":{"line":25,"column":45}},{"start":{"line":25,"column":48},"end":{"line":25,"column":58}}],"line":25},"2":{"loc":{"start":{"line":43,"column":16},"end":{"line":45,"column":36}},"type":"cond-expr","locations":[{"start":{"line":44,"column":22},"end":{"line":44,"column":72}},{"start":{"line":45,"column":22},"end":{"line":45,"column":36}}],"line":43},"3":{"loc":{"start":{"line":44,"column":45},"end":{"line":44,"column":70}},"type":"cond-expr","locations":[{"start":{"line":44,"column":55},"end":{"line":44,"column":57}},{"start":{"line":44,"column":60},"end":{"line":44,"column":70}}],"line":44}},"s":{"0":1,"1":1,"2":4,"3":1,"4":1,"5":4},"f":{"0":4,"1":4},"b":{"0":[4,0],"1":[2,2],"2":[4,0],"3":[2,2]},"_coverageSchema":"332fd63041d2c1bcb487cc26dd0d5f7d97098a6c","hash":"fd221573f7be339806d077e9bd19793fb46cd2f1"}
,"D:\\NTNU\\OneDrive - NTNU\\Master\\it2810\\prosjekt3\\it2810-webutvikling-h18-prosjekt-3-12\\pim\\screens\\GoalsScreen.js": {"path":"D:\\NTNU\\OneDrive - NTNU\\Master\\it2810\\prosjekt3\\it2810-webutvikling-h18-prosjekt-3-12\\pim\\screens\\GoalsScreen.js","statementMap":{"0":{"start":{"line":26,"column":4},"end":{"line":34,"column":6}},"1":{"start":{"line":27,"column":6},"end":{"line":33,"column":8}},"2":{"start":{"line":28,"column":8},"end":{"line":32,"column":10}},"3":{"start":{"line":29,"column":10},"end":{"line":31,"column":12}},"4":{"start":{"line":36,"column":4},"end":{"line":40,"column":6}},"5":{"start":{"line":37,"column":6},"end":{"line":39,"column":8}},"6":{"start":{"line":42,"column":4},"end":{"line":48,"column":7}},"7":{"start":{"line":43,"column":6},"end":{"line":47,"column":7}},"8":{"start":{"line":44,"column":8},"end":{"line":46,"column":10}},"9":{"start":{"line":45,"column":10},"end":{"line":45,"column":48}},"10":{"start":{"line":53,"column":4},"end":{"line":60,"column":5}},"11":{"start":{"line":54,"column":6},"end":{"line":56,"column":9}},"12":{"start":{"line":57,"column":6},"end":{"line":59,"column":7}},"13":{"start":{"line":58,"column":8},"end":{"line":58,"column":35}},"14":{"start":{"line":65,"column":4},"end":{"line":77,"column":6}},"15":{"start":{"line":66,"column":6},"end":{"line":76,"column":8}},"16":{"start":{"line":67,"column":8},"end":{"line":75,"column":10}},"17":{"start":{"line":74,"column":16},"end":{"line":74,"column":73}},"18":{"start":{"line":82,"column":4},"end":{"line":84,"column":7}},"19":{"start":{"line":88,"column":4},"end":{"line":130,"column":6}},"20":{"start":{"line":109,"column":36},"end":{"line":109,"column":43}},"21":{"start":{"line":111,"column":16},"end":{"line":117,"column":18}},"22":{"start":{"line":116,"column":35},"end":{"line":116,"column":65}},"23":{"start":{"line":122,"column":31},"end":{"line":122,"column":72}},"24":{"start":{"line":134,"column":15},"end":{"line":188,"column":2}}},"fnMap":{"0":{"name":"(anonymous_0)","decl":{"start":{"line":25,"column":2},"end":{"line":25,"column":3}},"loc":{"start":{"line":25,"column":23},"end":{"line":49,"column":3}},"line":25},"1":{"name":"(anonymous_1)","decl":{"start":{"line":26,"column":35},"end":{"line":26,"column":36}},"loc":{"start":{"line":27,"column":6},"end":{"line":33,"column":8}},"line":27},"2":{"name":"(anonymous_2)","decl":{"start":{"line":27,"column":39},"end":{"line":27,"column":40}},"loc":{"start":{"line":27,"column":49},"end":{"line":33,"column":7}},"line":27},"3":{"name":"(anonymous_3)","decl":{"start":{"line":28,"column":19},"end":{"line":28,"column":20}},"loc":{"start":{"line":29,"column":10},"end":{"line":31,"column":12}},"line":29},"4":{"name":"(anonymous_4)","decl":{"start":{"line":36,"column":35},"end":{"line":36,"column":36}},"loc":{"start":{"line":37,"column":6},"end":{"line":39,"column":8}},"line":37},"5":{"name":"(anonymous_5)","decl":{"start":{"line":42,"column":51},"end":{"line":42,"column":52}},"loc":{"start":{"line":42,"column":63},"end":{"line":48,"column":5}},"line":42},"6":{"name":"(anonymous_6)","decl":{"start":{"line":44,"column":39},"end":{"line":44,"column":40}},"loc":{"start":{"line":45,"column":10},"end":{"line":45,"column":48}},"line":45},"7":{"name":"(anonymous_7)","decl":{"start":{"line":52,"column":25},"end":{"line":52,"column":26}},"loc":{"start":{"line":52,"column":40},"end":{"line":61,"column":3}},"line":52},"8":{"name":"(anonymous_8)","decl":{"start":{"line":64,"column":24},"end":{"line":64,"column":25}},"loc":{"start":{"line":64,"column":30},"end":{"line":78,"column":3}},"line":64},"9":{"name":"(anonymous_9)","decl":{"start":{"line":65,"column":35},"end":{"line":65,"column":36}},"loc":{"start":{"line":66,"column":6},"end":{"line":76,"column":8}},"line":66},"10":{"name":"(anonymous_10)","decl":{"start":{"line":66,"column":56},"end":{"line":66,"column":57}},"loc":{"start":{"line":66,"column":67},"end":{"line":76,"column":7}},"line":66},"11":{"name":"(anonymous_11)","decl":{"start":{"line":74,"column":10},"end":{"line":74,"column":11}},"loc":{"start":{"line":74,"column":16},"end":{"line":74,"column":73}},"line":74},"12":{"name":"(anonymous_12)","decl":{"start":{"line":81,"column":25},"end":{"line":81,"column":26}},"loc":{"start":{"line":81,"column":32},"end":{"line":85,"column":3}},"line":81},"13":{"name":"(anonymous_13)","decl":{"start":{"line":87,"column":2},"end":{"line":87,"column":3}},"loc":{"start":{"line":87,"column":11},"end":{"line":131,"column":3}},"line":87},"14":{"name":"(anonymous_14)","decl":{"start":{"line":109,"column":28},"end":{"line":109,"column":29}},"loc":{"start":{"line":109,"column":36},"end":{"line":109,"column":43}},"line":109},"15":{"name":"(anonymous_15)","decl":{"start":{"line":110,"column":26},"end":{"line":110,"column":27}},"loc":{"start":{"line":111,"column":16},"end":{"line":117,"column":18}},"line":111},"16":{"name":"(anonymous_16)","decl":{"start":{"line":116,"column":28},"end":{"line":116,"column":29}},"loc":{"start":{"line":116,"column":35},"end":{"line":116,"column":65}},"line":116},"17":{"name":"(anonymous_17)","decl":{"start":{"line":122,"column":25},"end":{"line":122,"column":26}},"loc":{"start":{"line":122,"column":31},"end":{"line":122,"column":72}},"line":122}},"branchMap":{"0":{"loc":{"start":{"line":43,"column":6},"end":{"line":47,"column":7}},"type":"if","locations":[{"start":{"line":43,"column":6},"end":{"line":47,"column":7}},{"start":{"line":43,"column":6},"end":{"line":47,"column":7}}],"line":43},"1":{"loc":{"start":{"line":53,"column":4},"end":{"line":60,"column":5}},"type":"if","locations":[{"start":{"line":53,"column":4},"end":{"line":60,"column":5}},{"start":{"line":53,"column":4},"end":{"line":60,"column":5}}],"line":53},"2":{"loc":{"start":{"line":57,"column":6},"end":{"line":59,"column":7}},"type":"if","locations":[{"start":{"line":57,"column":6},"end":{"line":59,"column":7}},{"start":{"line":57,"column":6},"end":{"line":59,"column":7}}],"line":57}},"s":{"0":0,"1":0,"2":0,"3":0,"4":0,"5":0,"6":0,"7":0,"8":0,"9":0,"10":0,"11":0,"12":0,"13":0,"14":0,"15":0,"16":0,"17":0,"18":0,"19":0,"20":0,"21":0,"22":0,"23":0,"24":1},"f":{"0":0,"1":0,"2":0,"3":0,"4":0,"5":0,"6":0,"7":0,"8":0,"9":0,"10":0,"11":0,"12":0,"13":0,"14":0,"15":0,"16":0,"17":0},"b":{"0":[0,0],"1":[0,0],"2":[0,0]},"_coverageSchema":"332fd63041d2c1bcb487cc26dd0d5f7d97098a6c","hash":"153cbc0572d65002c8d8132b6fbce3c129685d30"}
,"D:\\NTNU\\OneDrive - NTNU\\Master\\it2810\\prosjekt3\\it2810-webutvikling-h18-prosjekt-3-12\\pim\\screens\\NewGoalScreen.js": {"path":"D:\\NTNU\\OneDrive - NTNU\\Master\\it2810\\prosjekt3\\it2810-webutvikling-h18-prosjekt-3-12\\pim\\screens\\NewGoalScreen.js","statementMap":{"0":{"start":{"line":26,"column":8},"end":{"line":26,"column":44}},"1":{"start":{"line":31,"column":19},"end":{"line":31,"column":48}},"2":{"start":{"line":32,"column":20},"end":{"line":32,"column":50}},"3":{"start":{"line":33,"column":22},"end":{"line":33,"column":45}},"4":{"start":{"line":34,"column":29},"end":{"line":34,"column":40}},"5":{"start":{"line":35,"column":8},"end":{"line":35,"column":28}},"6":{"start":{"line":40,"column":8},"end":{"line":65,"column":9}},"7":{"start":{"line":41,"column":12},"end":{"line":46,"column":14}},"8":{"start":{"line":47,"column":15},"end":{"line":65,"column":9}},"9":{"start":{"line":48,"column":12},"end":{"line":53,"column":14}},"10":{"start":{"line":55,"column":12},"end":{"line":64,"column":14}},"11":{"start":{"line":63,"column":22},"end":{"line":63,"column":36}},"12":{"start":{"line":70,"column":20},"end":{"line":70,"column":47}},"13":{"start":{"line":71,"column":8},"end":{"line":71,"column":46}},"14":{"start":{"line":72,"column":8},"end":{"line":72,"column":39}},"15":{"start":{"line":76,"column":8},"end":{"line":129,"column":10}},"16":{"start":{"line":100,"column":55},"end":{"line":100,"column":88}},"17":{"start":{"line":103,"column":36},"end":{"line":103,"column":59}},"18":{"start":{"line":113,"column":36},"end":{"line":113,"column":76}},"19":{"start":{"line":117,"column":36},"end":{"line":117,"column":59}},"20":{"start":{"line":122,"column":61},"end":{"line":122,"column":86}},"21":{"start":{"line":133,"column":15},"end":{"line":185,"column":2}}},"fnMap":{"0":{"name":"(anonymous_0)","decl":{"start":{"line":25,"column":27},"end":{"line":25,"column":28}},"loc":{"start":{"line":25,"column":33},"end":{"line":27,"column":5}},"line":25},"1":{"name":"(anonymous_1)","decl":{"start":{"line":30,"column":17},"end":{"line":30,"column":18}},"loc":{"start":{"line":30,"column":23},"end":{"line":36,"column":5}},"line":30},"2":{"name":"(anonymous_2)","decl":{"start":{"line":39,"column":25},"end":{"line":39,"column":26}},"loc":{"start":{"line":39,"column":31},"end":{"line":66,"column":5}},"line":39},"3":{"name":"(anonymous_3)","decl":{"start":{"line":63,"column":16},"end":{"line":63,"column":17}},"loc":{"start":{"line":63,"column":22},"end":{"line":63,"column":36}},"line":63},"4":{"name":"(anonymous_4)","decl":{"start":{"line":69,"column":14},"end":{"line":69,"column":15}},"loc":{"start":{"line":69,"column":20},"end":{"line":73,"column":5}},"line":69},"5":{"name":"(anonymous_5)","decl":{"start":{"line":75,"column":4},"end":{"line":75,"column":5}},"loc":{"start":{"line":75,"column":13},"end":{"line":130,"column":5}},"line":75},"6":{"name":"(anonymous_6)","decl":{"start":{"line":100,"column":46},"end":{"line":100,"column":47}},"loc":{"start":{"line":100,"column":55},"end":{"line":100,"column":88}},"line":100},"7":{"name":"(anonymous_7)","decl":{"start":{"line":102,"column":37},"end":{"line":102,"column":38}},"loc":{"start":{"line":102,"column":46},"end":{"line":104,"column":33}},"line":102},"8":{"name":"(anonymous_8)","decl":{"start":{"line":112,"column":46},"end":{"line":112,"column":47}},"loc":{"start":{"line":113,"column":36},"end":{"line":113,"column":76}},"line":113},"9":{"name":"(anonymous_9)","decl":{"start":{"line":116,"column":37},"end":{"line":116,"column":38}},"loc":{"start":{"line":116,"column":46},"end":{"line":118,"column":33}},"line":116},"10":{"name":"(anonymous_10)","decl":{"start":{"line":122,"column":55},"end":{"line":122,"column":56}},"loc":{"start":{"line":122,"column":61},"end":{"line":122,"column":86}},"line":122}},"branchMap":{"0":{"loc":{"start":{"line":40,"column":8},"end":{"line":65,"column":9}},"type":"if","locations":[{"start":{"line":40,"column":8},"end":{"line":65,"column":9}},{"start":{"line":40,"column":8},"end":{"line":65,"column":9}}],"line":40},"1":{"loc":{"start":{"line":47,"column":15},"end":{"line":65,"column":9}},"type":"if","locations":[{"start":{"line":47,"column":15},"end":{"line":65,"column":9}},{"start":{"line":47,"column":15},"end":{"line":65,"column":9}}],"line":47}},"s":{"0":0,"1":0,"2":0,"3":0,"4":0,"5":0,"6":0,"7":0,"8":0,"9":0,"10":0,"11":0,"12":0,"13":0,"14":0,"15":0,"16":0,"17":0,"18":0,"19":0,"20":0,"21":1},"f":{"0":0,"1":0,"2":0,"3":0,"4":0,"5":0,"6":0,"7":0,"8":0,"9":0,"10":0},"b":{"0":[0,0],"1":[0,0]},"_coverageSchema":"332fd63041d2c1bcb487cc26dd0d5f7d97098a6c","hash":"ee7afaa8d77f8a020ef3f8a3984f06afbcfb8b1d"}
,"D:\\NTNU\\OneDrive - NTNU\\Master\\it2810\\prosjekt3\\it2810-webutvikling-h18-prosjekt-3-12\\pim\\screens\\StepsScreen.js": {"path":"D:\\NTNU\\OneDrive - NTNU\\Master\\it2810\\prosjekt3\\it2810-webutvikling-h18-prosjekt-3-12\\pim\\screens\\StepsScreen.js","statementMap":{"0":{"start":{"line":26,"column":8},"end":{"line":26,"column":26}},"1":{"start":{"line":30,"column":8},"end":{"line":30,"column":28}},"2":{"start":{"line":35,"column":8},"end":{"line":39,"column":11}},"3":{"start":{"line":36,"column":12},"end":{"line":38,"column":15}},"4":{"start":{"line":41,"column":8},"end":{"line":52,"column":10}},"5":{"start":{"line":43,"column":16},"end":{"line":45,"column":19}},"6":{"start":{"line":48,"column":16},"end":{"line":50,"column":19}},"7":{"start":{"line":54,"column":20},"end":{"line":54,"column":30}},"8":{"start":{"line":55,"column":22},"end":{"line":55,"column":32}},"9":{"start":{"line":56,"column":8},"end":{"line":56,"column":41}},"10":{"start":{"line":57,"column":8},"end":{"line":66,"column":10}},"11":{"start":{"line":59,"column":16},"end":{"line":59,"column":61}},"12":{"start":{"line":62,"column":16},"end":{"line":64,"column":19}},"13":{"start":{"line":70,"column":8},"end":{"line":70,"column":58}},"14":{"start":{"line":71,"column":8},"end":{"line":71,"column":34}},"15":{"start":{"line":76,"column":22},"end":{"line":76,"column":46}},"16":{"start":{"line":77,"column":23},"end":{"line":77,"column":36}},"17":{"start":{"line":78,"column":8},"end":{"line":80,"column":41}},"18":{"start":{"line":85,"column":8},"end":{"line":90,"column":10}},"19":{"start":{"line":95,"column":19},"end":{"line":95,"column":48}},"20":{"start":{"line":96,"column":20},"end":{"line":96,"column":50}},"21":{"start":{"line":97,"column":22},"end":{"line":97,"column":45}},"22":{"start":{"line":98,"column":29},"end":{"line":98,"column":40}},"23":{"start":{"line":99,"column":8},"end":{"line":99,"column":28}},"24":{"start":{"line":104,"column":8},"end":{"line":104,"column":45}},"25":{"start":{"line":105,"column":8},"end":{"line":105,"column":28}},"26":{"start":{"line":106,"column":8},"end":{"line":106,"column":26}},"27":{"start":{"line":111,"column":8},"end":{"line":119,"column":10}},"28":{"start":{"line":115,"column":45},"end":{"line":115,"column":63}},"29":{"start":{"line":124,"column":8},"end":{"line":196,"column":10}},"30":{"start":{"line":200,"column":15},"end":{"line":329,"column":2}}},"fnMap":{"0":{"name":"(anonymous_0)","decl":{"start":{"line":25,"column":4},"end":{"line":25,"column":5}},"loc":{"start":{"line":25,"column":24},"end":{"line":27,"column":5}},"line":25},"1":{"name":"(anonymous_1)","decl":{"start":{"line":29,"column":4},"end":{"line":29,"column":5}},"loc":{"start":{"line":29,"column":27},"end":{"line":31,"column":5}},"line":29},"2":{"name":"(anonymous_2)","decl":{"start":{"line":34,"column":17},"end":{"line":34,"column":18}},"loc":{"start":{"line":34,"column":23},"end":{"line":67,"column":5}},"line":34},"3":{"name":"(anonymous_3)","decl":{"start":{"line":35,"column":54},"end":{"line":35,"column":55}},"loc":{"start":{"line":35,"column":64},"end":{"line":39,"column":9}},"line":35},"4":{"name":"(anonymous_4)","decl":{"start":{"line":42,"column":12},"end":{"line":42,"column":13}},"loc":{"start":{"line":42,"column":22},"end":{"line":46,"column":13}},"line":42},"5":{"name":"(anonymous_5)","decl":{"start":{"line":47,"column":12},"end":{"line":47,"column":13}},"loc":{"start":{"line":47,"column":21},"end":{"line":51,"column":13}},"line":47},"6":{"name":"(anonymous_6)","decl":{"start":{"line":58,"column":12},"end":{"line":58,"column":13}},"loc":{"start":{"line":58,"column":22},"end":{"line":60,"column":13}},"line":58},"7":{"name":"(anonymous_7)","decl":{"start":{"line":61,"column":12},"end":{"line":61,"column":13}},"loc":{"start":{"line":61,"column":21},"end":{"line":65,"column":13}},"line":61},"8":{"name":"(anonymous_8)","decl":{"start":{"line":69,"column":19},"end":{"line":69,"column":20}},"loc":{"start":{"line":69,"column":25},"end":{"line":72,"column":5}},"line":69},"9":{"name":"(anonymous_9)","decl":{"start":{"line":75,"column":26},"end":{"line":75,"column":27}},"loc":{"start":{"line":75,"column":32},"end":{"line":81,"column":5}},"line":75},"10":{"name":"(anonymous_10)","decl":{"start":{"line":84,"column":26},"end":{"line":84,"column":27}},"loc":{"start":{"line":84,"column":32},"end":{"line":91,"column":5}},"line":84},"11":{"name":"(anonymous_11)","decl":{"start":{"line":94,"column":17},"end":{"line":94,"column":18}},"loc":{"start":{"line":94,"column":23},"end":{"line":100,"column":5}},"line":94},"12":{"name":"(anonymous_12)","decl":{"start":{"line":103,"column":18},"end":{"line":103,"column":19}},"loc":{"start":{"line":103,"column":24},"end":{"line":107,"column":5}},"line":103},"13":{"name":"(anonymous_13)","decl":{"start":{"line":110,"column":23},"end":{"line":110,"column":24}},"loc":{"start":{"line":110,"column":29},"end":{"line":120,"column":5}},"line":110},"14":{"name":"(anonymous_14)","decl":{"start":{"line":115,"column":39},"end":{"line":115,"column":40}},"loc":{"start":{"line":115,"column":45},"end":{"line":115,"column":63}},"line":115},"15":{"name":"(anonymous_15)","decl":{"start":{"line":123,"column":4},"end":{"line":123,"column":5}},"loc":{"start":{"line":123,"column":13},"end":{"line":197,"column":5}},"line":123}},"branchMap":{"0":{"loc":{"start":{"line":70,"column":8},"end":{"line":70,"column":57}},"type":"binary-expr","locations":[{"start":{"line":70,"column":8},"end":{"line":70,"column":26}},{"start":{"line":70,"column":30},"end":{"line":70,"column":57}}],"line":70},"1":{"loc":{"start":{"line":78,"column":15},"end":{"line":80,"column":40}},"type":"cond-expr","locations":[{"start":{"line":79,"column":14},"end":{"line":79,"column":50}},{"start":{"line":80,"column":14},"end":{"line":80,"column":40}}],"line":78}},"s":{"0":4,"1":0,"2":4,"3":0,"4":4,"5":2,"6":0,"7":4,"8":4,"9":4,"10":4,"11":2,"12":0,"13":0,"14":0,"15":6,"16":6,"17":6,"18":0,"19":13,"20":13,"21":13,"22":13,"23":13,"24":0,"25":0,"26":0,"27":0,"28":0,"29":6,"30":2},"f":{"0":4,"1":0,"2":4,"3":0,"4":2,"5":0,"6":2,"7":0,"8":0,"9":6,"10":0,"11":13,"12":0,"13":0,"14":0,"15":6},"b":{"0":[0,0],"1":[0,6]},"_coverageSchema":"332fd63041d2c1bcb487cc26dd0d5f7d97098a6c","hash":"b5933b021d6a759f58e8194322b18b0a2d3b80c6"}
}
