TN:
SF:D:\NTNU\OneDrive - NTNU\Master\it2810\prosjekt3\it2810-webutvikling-h18-prosjekt-3-12\pim\App.js
FN:11,(anonymous_0)
FN:30,(anonymous_1)
FN:43,(anonymous_2)
FN:49,(anonymous_3)
FNF:4
FNH:3
FNDA:3,(anonymous_0)
FNDA:1,(anonymous_1)
FNDA:0,(anonymous_2)
FNDA:1,(anonymous_3)
DA:12,3
DA:13,1
DA:21,2
DA:31,1
DA:46,0
DA:50,1
DA:54,1
LF:7
LH:6
BRDA:12,0,0,1
BRDA:12,0,1,2
BRDA:12,1,0,3
BRDA:12,1,1,2
BRDA:23,2,0,2
BRDA:23,2,1,2
BRF:6
BRH:6
end_of_record
TN:
SF:D:\NTNU\OneDrive - NTNU\Master\it2810\prosjekt3\it2810-webutvikling-h18-prosjekt-3-12\pim\asyncstorage.js
FN:4,(anonymous_0)
FNF:1
FNH:0
FNDA:0,(anonymous_0)
DA:4,1
DA:5,0
DA:6,0
DA:7,0
DA:10,0
LF:5
LH:1
BRF:0
BRH:0
end_of_record
TN:
SF:D:\NTNU\OneDrive - NTNU\Master\it2810\prosjekt3\it2810-webutvikling-h18-prosjekt-3-12\pim\assets\images\robot-dev.png
FNF:0
FNH:0
DA:1,1
LF:1
LH:1
BRF:0
BRH:0
end_of_record
TN:
SF:D:\NTNU\OneDrive - NTNU\Master\it2810\prosjekt3\it2810-webutvikling-h18-prosjekt-3-12\pim\assets\images\robot-prod.png
FNF:0
FNH:0
DA:1,1
LF:1
LH:1
BRF:0
BRH:0
end_of_record
TN:
SF:D:\NTNU\OneDrive - NTNU\Master\it2810\prosjekt3\it2810-webutvikling-h18-prosjekt-3-12\pim\components\Goal.js
FN:8,(anonymous_0)
FN:21,(anonymous_1)
FN:29,(anonymous_2)
FN:33,(anonymous_3)
FN:43,(anonymous_4)
FN:52,(anonymous_5)
FN:57,(anonymous_6)
FNF:7
FNH:0
FNDA:0,(anonymous_0)
FNDA:0,(anonymous_1)
FNDA:0,(anonymous_2)
FNDA:0,(anonymous_3)
FNDA:0,(anonymous_4)
FNDA:0,(anonymous_5)
FNDA:0,(anonymous_6)
DA:9,0
DA:10,0
DA:22,0
DA:23,0
DA:25,0
DA:30,0
DA:34,0
DA:35,0
DA:36,0
DA:37,0
DA:38,0
DA:44,0
DA:45,0
DA:47,0
DA:53,0
DA:58,0
DA:135,1
LF:17
LH:1
BRDA:22,0,0,0
BRDA:22,0,1,0
BRDA:34,1,0,0
BRDA:34,1,1,0
BRDA:63,2,0,0
BRDA:63,2,1,0
BRDA:71,3,0,0
BRDA:71,3,1,0
BRDA:113,4,0,0
BRDA:113,4,1,0
BRF:10
BRH:0
end_of_record
TN:
SF:D:\NTNU\OneDrive - NTNU\Master\it2810\prosjekt3\it2810-webutvikling-h18-prosjekt-3-12\pim\components\StyledText.js
FN:5,(anonymous_0)
FNF:1
FNH:1
FNDA:1,(anonymous_0)
DA:6,1
LF:1
LH:1
BRF:0
BRH:0
end_of_record
TN:
SF:D:\NTNU\OneDrive - NTNU\Master\it2810\prosjekt3\it2810-webutvikling-h18-prosjekt-3-12\pim\components\TabBarIcon.js
FN:7,(anonymous_0)
FNF:1
FNH:1
FNDA:8,(anonymous_0)
DA:8,8
LF:1
LH:1
BRDA:13,0,0,4
BRDA:13,0,1,4
BRF:2
BRH:2
end_of_record
TN:
SF:D:\NTNU\OneDrive - NTNU\Master\it2810\prosjekt3\it2810-webutvikling-h18-prosjekt-3-12\pim\constants\Colors.js
FNF:0
FNH:0
DA:1,1
LF:1
LH:1
BRF:0
BRH:0
end_of_record
TN:
SF:D:\NTNU\OneDrive - NTNU\Master\it2810\prosjekt3\it2810-webutvikling-h18-prosjekt-3-12\pim\navigation\AppNavigator.js
FNF:0
FNH:0
LF:0
LH:0
BRF:0
BRH:0
end_of_record
TN:
SF:D:\NTNU\OneDrive - NTNU\Master\it2810\prosjekt3\it2810-webutvikling-h18-prosjekt-3-12\pim\navigation\MainTabNavigator.js
FN:20,(anonymous_0)
FN:39,(anonymous_1)
FNF:2
FNH:2
FNDA:4,(anonymous_0)
FNDA:4,(anonymous_1)
DA:13,1
DA:18,1
DA:21,4
DA:32,1
DA:37,1
DA:40,4
LF:6
LH:6
BRDA:24,0,0,4
BRDA:24,0,1,0
BRDA:25,1,0,2
BRDA:25,1,1,2
BRDA:43,2,0,4
BRDA:43,2,1,0
BRDA:44,3,0,2
BRDA:44,3,1,2
BRF:8
BRH:6
end_of_record
TN:
SF:D:\NTNU\OneDrive - NTNU\Master\it2810\prosjekt3\it2810-webutvikling-h18-prosjekt-3-12\pim\screens\GoalsScreen.js
FN:25,(anonymous_0)
FN:26,(anonymous_1)
FN:27,(anonymous_2)
FN:28,(anonymous_3)
FN:36,(anonymous_4)
FN:42,(anonymous_5)
FN:44,(anonymous_6)
FN:52,(anonymous_7)
FN:64,(anonymous_8)
FN:65,(anonymous_9)
FN:66,(anonymous_10)
FN:74,(anonymous_11)
FN:81,(anonymous_12)
FN:87,(anonymous_13)
FN:109,(anonymous_14)
FN:110,(anonymous_15)
FN:116,(anonymous_16)
FN:122,(anonymous_17)
FNF:18
FNH:0
FNDA:0,(anonymous_0)
FNDA:0,(anonymous_1)
FNDA:0,(anonymous_2)
FNDA:0,(anonymous_3)
FNDA:0,(anonymous_4)
FNDA:0,(anonymous_5)
FNDA:0,(anonymous_6)
FNDA:0,(anonymous_7)
FNDA:0,(anonymous_8)
FNDA:0,(anonymous_9)
FNDA:0,(anonymous_10)
FNDA:0,(anonymous_11)
FNDA:0,(anonymous_12)
FNDA:0,(anonymous_13)
FNDA:0,(anonymous_14)
FNDA:0,(anonymous_15)
FNDA:0,(anonymous_16)
FNDA:0,(anonymous_17)
DA:26,0
DA:27,0
DA:28,0
DA:29,0
DA:36,0
DA:37,0
DA:42,0
DA:43,0
DA:44,0
DA:45,0
DA:53,0
DA:54,0
DA:57,0
DA:58,0
DA:65,0
DA:66,0
DA:67,0
DA:74,0
DA:82,0
DA:88,0
DA:109,0
DA:111,0
DA:116,0
DA:122,0
DA:134,1
LF:25
LH:1
BRDA:43,0,0,0
BRDA:43,0,1,0
BRDA:53,1,0,0
BRDA:53,1,1,0
BRDA:57,2,0,0
BRDA:57,2,1,0
BRF:6
BRH:0
end_of_record
TN:
SF:D:\NTNU\OneDrive - NTNU\Master\it2810\prosjekt3\it2810-webutvikling-h18-prosjekt-3-12\pim\screens\NewGoalScreen.js
FN:25,(anonymous_0)
FN:30,(anonymous_1)
FN:39,(anonymous_2)
FN:63,(anonymous_3)
FN:69,(anonymous_4)
FN:75,(anonymous_5)
FN:100,(anonymous_6)
FN:102,(anonymous_7)
FN:112,(anonymous_8)
FN:116,(anonymous_9)
FN:122,(anonymous_10)
FNF:11
FNH:0
FNDA:0,(anonymous_0)
FNDA:0,(anonymous_1)
FNDA:0,(anonymous_2)
FNDA:0,(anonymous_3)
FNDA:0,(anonymous_4)
FNDA:0,(anonymous_5)
FNDA:0,(anonymous_6)
FNDA:0,(anonymous_7)
FNDA:0,(anonymous_8)
FNDA:0,(anonymous_9)
FNDA:0,(anonymous_10)
DA:26,0
DA:31,0
DA:32,0
DA:33,0
DA:34,0
DA:35,0
DA:40,0
DA:41,0
DA:47,0
DA:48,0
DA:55,0
DA:63,0
DA:70,0
DA:71,0
DA:72,0
DA:76,0
DA:100,0
DA:103,0
DA:113,0
DA:117,0
DA:122,0
DA:133,1
LF:22
LH:1
BRDA:40,0,0,0
BRDA:40,0,1,0
BRDA:47,1,0,0
BRDA:47,1,1,0
BRF:4
BRH:0
end_of_record
TN:
SF:D:\NTNU\OneDrive - NTNU\Master\it2810\prosjekt3\it2810-webutvikling-h18-prosjekt-3-12\pim\screens\StepsScreen.js
FN:25,(anonymous_0)
FN:29,(anonymous_1)
FN:34,(anonymous_2)
FN:35,(anonymous_3)
FN:42,(anonymous_4)
FN:47,(anonymous_5)
FN:58,(anonymous_6)
FN:61,(anonymous_7)
FN:69,(anonymous_8)
FN:75,(anonymous_9)
FN:84,(anonymous_10)
FN:94,(anonymous_11)
FN:103,(anonymous_12)
FN:110,(anonymous_13)
FN:115,(anonymous_14)
FN:123,(anonymous_15)
FNF:16
FNH:7
FNDA:4,(anonymous_0)
FNDA:0,(anonymous_1)
FNDA:4,(anonymous_2)
FNDA:0,(anonymous_3)
FNDA:2,(anonymous_4)
FNDA:0,(anonymous_5)
FNDA:2,(anonymous_6)
FNDA:0,(anonymous_7)
FNDA:0,(anonymous_8)
FNDA:6,(anonymous_9)
FNDA:0,(anonymous_10)
FNDA:13,(anonymous_11)
FNDA:0,(anonymous_12)
FNDA:0,(anonymous_13)
FNDA:0,(anonymous_14)
FNDA:6,(anonymous_15)
DA:26,4
DA:30,0
DA:35,4
DA:36,0
DA:41,4
DA:43,2
DA:48,0
DA:54,4
DA:55,4
DA:56,4
DA:57,4
DA:59,2
DA:62,0
DA:70,0
DA:71,0
DA:76,6
DA:77,6
DA:78,6
DA:85,0
DA:95,13
DA:96,13
DA:97,13
DA:98,13
DA:99,13
DA:104,0
DA:105,0
DA:106,0
DA:111,0
DA:115,0
DA:124,6
DA:200,2
LF:31
LH:19
BRDA:70,0,0,0
BRDA:70,0,1,0
BRDA:78,1,0,0
BRDA:78,1,1,6
BRF:4
BRH:1
end_of_record
